<?xml version="1.0" encoding="UTF-8"?>
<testng-results skipped="0" failed="0" ignored="0" total="1" passed="1">
  <reporter-output>
  </reporter-output>
  <suite name="Default suite" duration-ms="25202" started-at="2018-07-02T06:15:17Z" finished-at="2018-07-02T06:15:42Z">
    <groups>
    </groups>
    <test name="Default test" duration-ms="25202" started-at="2018-07-02T06:15:17Z" finished-at="2018-07-02T06:15:42Z">
      <class name="test.User">
        <test-method status="PASS" signature="Signup()[pri:0, instance:test.User@74650e52]" name="Signup" duration-ms="25161" started-at="2018-07-02T06:15:17Z" finished-at="2018-07-02T06:15:42Z">
          <reporter-output>
          </reporter-output>
        </test-method> <!-- Signup -->
      </class> <!-- test.User -->
    </test> <!-- Default test -->
  </suite> <!-- Default suite -->
</testng-results>
