<?xml version="1.0" encoding="UTF-8"?>
<testng-results skipped="0" failed="0" ignored="0" total="1" passed="1">
  <reporter-output>
  </reporter-output>
  <suite name="Default suite" duration-ms="11064" started-at="2018-07-02T10:19:05Z" finished-at="2018-07-02T10:19:17Z">
    <groups>
    </groups>
    <test name="Default test" duration-ms="11064" started-at="2018-07-02T10:19:05Z" finished-at="2018-07-02T10:19:17Z">
      <class name="papack.Face">
        <test-method status="PASS" signature="Url()[pri:0, instance:papack.Face@80503]" name="Url" is-config="true" duration-ms="8275" started-at="2018-07-02T10:19:05Z" finished-at="2018-07-02T10:19:14Z">
          <reporter-output>
          </reporter-output>
        </test-method> <!-- Url -->
        <test-method status="PASS" signature="Verify(java.lang.String, java.lang.String)[pri:0, instance:papack.Face@80503]" name="Verify" duration-ms="2148" started-at="2018-07-02T10:19:14Z" data-provider="fblogin" finished-at="2018-07-02T10:19:17Z">
          <params>
            <param index="0">
              <value>
                <![CDATA[soujanya.mongolu@gmail.com]]>
              </value>
            </param>
            <param index="1">
              <value>
                <![CDATA[facebook16]]>
              </value>
            </param>
          </params>
          <reporter-output>
          </reporter-output>
        </test-method> <!-- Verify -->
      </class> <!-- papack.Face -->
    </test> <!-- Default test -->
  </suite> <!-- Default suite -->
</testng-results>
